U-Boot 2023.04-dirty (Jun 01 2023 - 15:53:38 +0900)

DRAM:  948 MiB
RPI 3 Model B+ (0xa020d3)
Core:  66 devices, 14 uclasses, devicetree: embed
MMC:   mmc@7e202000: 0, mmc@7e300000: 1
Loading Environment from FAT... Unable to read "uboot.env" from mmc0:1... 
In:    serial
Out:   vidconsole
Err:   vidconsole
Net:   No ethernet found.
starting USB...
Bus usb@7e980000: USB DWC2
scanning bus usb@7e980000 for devices... 4 USB Device(s) found
       scanning usb for storage devices... 0 Storage Device(s) found
Hit any key to stop autoboot:  0 
switch to partitions #0, OK
mmc0 is current device
Scanning mmc 0:1...
Found U-Boot script /boot.scr
146 bytes read in 4 ms (35.2 KiB/s)
## Executing script at 02400000
4804864 bytes read in 211 ms (21.7 MiB/s)
## Starting application at 0x10000000 ...

ELF-loader started on CPU: ARM Ltd. Cortex-A53 r0p4
  paddr=[1a32000..1ec70ff]
No DTB passed in from boot loader.
Looking for DTB in CPIO archive...found at 1b275e8.
Loaded DTB from 1b275e8.
   paddr=[123c000..123ffff]
ELF-loading image 'kernel' to 1000000
  paddr=[1000000..123bfff]
  vaddr=[ffffff8001000000..ffffff800123bfff]
  virt_entry=ffffff8001000000
ELF-loading image 'sel4test-driver' to 1240000
  paddr=[1240000..1635fff]
  vaddr=[400000..7f5fff]
  virt_entry=40f1c0
Enabling MMU and paging
Jumping to kernel-image entry point...

Bootstrapping kernel
available phys memory regions: 1
  [1000000..8000000]
reserved virt address space regions: 3
  [ffffff8001000000..ffffff800123c000]                                                                      
  [ffffff800123c000..ffffff800123f593]                                                                      
  [ffffff8001240000..ffffff8001636000]                                                                      
Booting all finished, dropped to user space                                                                 
bcm_system_timer_init@system_timer.c:203 path: /soc/timer@7e003000, reg_choice: 0, irq_choice: 0            
                                                                                                            
helper_fdt_alloc_simple@ltimer.h:76 vmap: 0x10064000, pmem(type: 2, base_addr: 0x1056976896, len: 0x4096)   
                                                                                                            
fdt_node_check_compatible@fdt_ro.c:834 prop: brcm,bcm2836-l1-intc, compatible: arm,gic-400                  
                                                                                                            
fdt_node_check_compatible@fdt_ro.c:834 prop: brcm,bcm2836-l1-intc, compatible: arm,cortex-a9-gic            
                                                                                                            
fdt_node_check_compatible@fdt_ro.c:834 prop: brcm,bcm2836-l1-intc, compatible: arm,cortex-a15-gic           
                                                                                                            
fdt_node_check_compatible@fdt_ro.c:834 prop: brcm,bcm2836-l1-intc, compatible: arm,gic-v3                   
                                                                                                            
fdt_node_check_compatible@fdt_ro.c:834 prop: brcm,bcm2836-l1-intc, compatible: ti,omap3-intc                
                                                                                                            
fdt_node_check_compatible@fdt_ro.c:834 prop: brcm,bcm2836-l1-intc, compatible: ti,am33xx-intc               

fdt_node_check_compatible@fdt_ro.c:834 prop: brcm,bcm2836-l1-intc, compatible: nvidia,tegra210-ictlr

fdt_node_check_compatible@fdt_ro.c:834 prop: brcm,bcm2836-l1-intc, compatible: nvidia,tegra124-ictlr

fdt_node_check_compatible@fdt_ro.c:834 prop: brcm,bcm2836-l1-intc, compatible: nvidia,tegra30-ictlr

ps_fdt_walk_irqs@fdt.c:229 Could not find a parser for this particular interrupt controller
helper_fdt_alloc_simple@ltimer.h:80 Simple FDT helper failed to register irqs (-2)
bcm_system_timer_init@system_timer.c:216 Failed to allocate with fdt
ltimer_default_init@ltimer.c:112 system timer initialisation failed
init_timer@main.c:181 [Cond failed: error]
        Failed to setup the timers
seL4 root server abort()ed
Debug halt syscall from user thread 0xffffff8007fcc400 "sel4test-driver"
halting...
Kernel entry via Unknown syscall, word: 1

